<?xml version="1.0" encoding="UTF-8"?>
<!-- Generated by org.testng.reporters.JUnitReportReporter -->
<testsuite hostname="LAPTOP-DBLE9KDA" failures="0" tests="4" name="api.test.UserTests2" time="15.142" errors="0" timestamp="2024-08-03T18:36:43 IST" skipped="0">
  <testcase classname="api.test.UserTests2" name="testPostUser" time="7.964"/>
  <system-out/>
  <testcase classname="api.test.UserTests2" name="testGetUserByName" time="1.627"/>
  <system-out/>
  <testcase classname="api.test.UserTests2" name="testUpdateUserByName" time="3.700"/>
  <system-out/>
  <testcase classname="api.test.UserTests2" name="testDeleteUserByName" time="1.851"/>
  <system-out/>
</testsuite> <!-- api.test.UserTests2 -->
