<?xml version="1.0" encoding="UTF-8"?>
<!-- Generated by org.testng.reporters.JUnitReportReporter -->
<testsuite hostname="LAPTOP-DBLE9KDA" failures="0" tests="4" name="api.test.UserTests" time="13.577" errors="0" timestamp="2024-07-24T18:59:10 IST" skipped="0">
  <testcase classname="api.test.UserTests" name="testPostUser" time="6.724"/>
  <system-out/>
  <testcase classname="api.test.UserTests" name="testGetUserByName" time="1.636"/>
  <system-out/>
  <testcase classname="api.test.UserTests" name="testUpdateUserByName" time="3.690"/>
  <system-out/>
  <testcase classname="api.test.UserTests" name="testDeleteUserByName" time="1.527"/>
  <system-out/>
</testsuite> <!-- api.test.UserTests -->
