<?xml version="1.0" encoding="UTF-8"?>
<!-- Generated by org.testng.reporters.JUnitReportReporter -->
<testsuite hostname="LAPTOP-DBLE9KDA" failures="0" tests="4" name="api.test.UserTests" time="11.466" errors="0" timestamp="2024-08-03T18:51:36 IST" skipped="0">
  <testcase classname="api.test.UserTests" name="testPostUser" time="3.555"/>
  <system-out/>
  <testcase classname="api.test.UserTests" name="testGetUserByName" time="1.855"/>
  <system-out/>
  <testcase classname="api.test.UserTests" name="testUpdateUserByName" time="4.571"/>
  <system-out/>
  <testcase classname="api.test.UserTests" name="testDeleteUserByName" time="1.485"/>
  <system-out/>
</testsuite> <!-- api.test.UserTests -->
