<?xml version="1.0" encoding="UTF-8"?>
<!-- Generated by org.testng.reporters.JUnitReportReporter -->
<testsuite hostname="LAPTOP-DBLE9KDA" failures="0" tests="4" name="api.test.UserTests2" time="15.989" errors="0" timestamp="2024-08-03T19:04:57 IST" skipped="0">
  <testcase classname="api.test.UserTests2" name="testPostUser" time="6.413"/>
  <system-out/>
  <testcase classname="api.test.UserTests2" name="testGetUserByName" time="2.635"/>
  <system-out/>
  <testcase classname="api.test.UserTests2" name="testUpdateUserByName" time="4.705"/>
  <system-out/>
  <testcase classname="api.test.UserTests2" name="testDeleteUserByName" time="2.236"/>
  <system-out/>
</testsuite> <!-- api.test.UserTests2 -->
